1537518046456	geckodriver	INFO	geckodriver 0.21.0
1537518046470	geckodriver	INFO	Listening on 127.0.0.1:54267
1537518047473	mozrunner::runner	INFO	Running command: "/usr/bin/firefox" "-marionette" "-foreground" "-no-remote" "-profile" "/tmp/rust_mozprofile.vNaAePH16X3d"
1537518051138	Marionette	INFO	Listening on port 43049
1537518051193	Marionette	WARN	TLS certificate errors will be ignored for this session
1537518051262	Marionette	DEBUG	[2147483649] Frame script loaded
1537518051264	Marionette	DEBUG	[2147483649] Frame script registered
1537518105601	Marionette	DEBUG	[2147483649] Received DOM event beforeunload for about:blank
1537518106795	Marionette	DEBUG	[2147483649] Received DOM event pagehide for about:blank
JavaScript warning: https://aaplesarkar.mahaonline.gov.in/en/Login/Certificate_Documents?ServiceId=1266, line 4126: unreachable code after return statement
JavaScript warning: https://aaplesarkar.mahaonline.gov.in/en/Login/Certificate_Documents?ServiceId=1266, line 4126: unreachable code after return statement
1537518120498	Marionette	DEBUG	[2147483649] Received DOM event DOMContentLoaded for https://aaplesarkar.mahaonline.gov.in/en/Login/Certificate_Documents?ServiceId=1266
JavaScript error: https://aaplesarkar.mahaonline.gov.in/en/Login/Certificate_Documents?ServiceId=1266, line 645: TypeError: $(...).slimScroll is not a function
1537518126553	Marionette	DEBUG	[2147483649] Received DOM event pageshow for https://aaplesarkar.mahaonline.gov.in/en/Login/Certificate_Documents?ServiceId=1266
JavaScript warning: https://aaplesarkar.mahaonline.gov.in/en/Login/Certificate_Documents?ServiceId=1266, line 4331: unreachable code after return statement
JavaScript warning: https://aaplesarkar.mahaonline.gov.in/en/Login/Certificate_Documents?ServiceId=1266, line 4331: unreachable code after return statement
JavaScript error: https://aaplesarkar.mahaonline.gov.in/en/Login/Certificate_Documents?ServiceId=1266, line 645: TypeError: $(...).slimScroll is not a function
1537518199895	Marionette	DEBUG	[2147483649] Received DOM event beforeunload for https://aaplesarkar.mahaonline.gov.in/en/Login/Certificate_Documents?ServiceId=1266
1537518200297	Marionette	DEBUG	[2147483649] Received DOM event pagehide for https://aaplesarkar.mahaonline.gov.in/en/Login/Certificate_Documents?ServiceId=1266
1537518200298	Marionette	DEBUG	[2147483649] Received DOM event unload for https://aaplesarkar.mahaonline.gov.in/en/Login/Certificate_Documents?ServiceId=1266
JavaScript warning: https://aaplesarkar.mahaonline.gov.in/en/Login/Certificate_Documents?ServiceId=1266, line 4331: unreachable code after return statement
JavaScript warning: https://aaplesarkar.mahaonline.gov.in/en/Login/Certificate_Documents?ServiceId=1266, line 4331: unreachable code after return statement
1537518200817	Marionette	DEBUG	[2147483649] Received DOM event DOMContentLoaded for https://aaplesarkar.mahaonline.gov.in/en/Login/Certificate_Documents?ServiceId=1266
JavaScript error: https://aaplesarkar.mahaonline.gov.in/en/Login/Certificate_Documents?ServiceId=1266, line 645: TypeError: $(...).slimScroll is not a function
1537518201089	Marionette	DEBUG	[2147483649] Received DOM event pageshow for https://aaplesarkar.mahaonline.gov.in/en/Login/Certificate_Documents?ServiceId=1266
1537518205188	Marionette	DEBUG	[2147483655] Frame script loaded
1537518205198	Marionette	DEBUG	[2147483655] Frame script registered
1537518205279	Marionette	DEBUG	[4294967297] Frame script loaded
1537518205280	Marionette	DEBUG	[4294967297] Frame script registered
[Parent 22041, Gecko_IOThread] WARNING: pipe error (84): Connection reset by peer: file /build/firefox-LCnNpq/firefox-62.0+build2/ipc/chromium/src/chrome/common/ipc_channel_posix.cc, line 353
[Parent 22041, Gecko_IOThread] WARNING: pipe error (64): Connection reset by peer: file /build/firefox-LCnNpq/firefox-62.0+build2/ipc/chromium/src/chrome/common/ipc_channel_posix.cc, line 353
1537518207373	Marionette	INFO	Stopped listening on port 43049
1537518209773	geckodriver	INFO	geckodriver 0.21.0
1537518209782	geckodriver	INFO	Listening on 127.0.0.1:53131
1537518210785	mozrunner::runner	INFO	Running command: "/usr/bin/firefox" "-marionette" "-foreground" "-no-remote" "-profile" "/tmp/rust_mozprofile.FZof5QIMtGvu"
1537518216240	Marionette	INFO	Listening on port 36923
1537518216317	Marionette	WARN	TLS certificate errors will be ignored for this session
1537518216392	Marionette	DEBUG	[2147483649] Frame script loaded
1537518216396	Marionette	DEBUG	[2147483649] Frame script registered
1537518221266	Marionette	DEBUG	[2147483649] Received DOM event beforeunload for about:blank
1537518223340	Marionette	DEBUG	[2147483649] Received DOM event pagehide for about:blank
JavaScript warning: https://aaplesarkar.mahaonline.gov.in/en/Login/Certificate_Documents?ServiceId=1266, line 4126: unreachable code after return statement
JavaScript warning: https://aaplesarkar.mahaonline.gov.in/en/Login/Certificate_Documents?ServiceId=1266, line 4126: unreachable code after return statement
1537518231167	Marionette	DEBUG	[2147483649] Received DOM event DOMContentLoaded for https://aaplesarkar.mahaonline.gov.in/en/Login/Certificate_Documents?ServiceId=1266
JavaScript error: https://aaplesarkar.mahaonline.gov.in/en/Login/Certificate_Documents?ServiceId=1266, line 645: TypeError: $(...).slimScroll is not a function
1537518235715	Marionette	DEBUG	[2147483649] Received DOM event pageshow for https://aaplesarkar.mahaonline.gov.in/en/Login/Certificate_Documents?ServiceId=1266
1537518238897	Marionette	DEBUG	[2147483649] Received DOM event beforeunload for https://aaplesarkar.mahaonline.gov.in/en/Login/Certificate_Documents?ServiceId=1266
1537518239107	Marionette	DEBUG	[2147483649] Received DOM event pagehide for https://aaplesarkar.mahaonline.gov.in/en/Login/Certificate_Documents?ServiceId=1266
1537518239109	Marionette	DEBUG	[2147483649] Received DOM event unload for https://aaplesarkar.mahaonline.gov.in/en/Login/Certificate_Documents?ServiceId=1266
JavaScript warning: https://aaplesarkar.mahaonline.gov.in/en/Login/Certificate_Documents?ServiceId=1266, line 4331: unreachable code after return statement
JavaScript warning: https://aaplesarkar.mahaonline.gov.in/en/Login/Certificate_Documents?ServiceId=1266, line 4331: unreachable code after return statement
1537518240732	Marionette	DEBUG	[2147483649] Received DOM event DOMContentLoaded for https://aaplesarkar.mahaonline.gov.in/en/Login/Certificate_Documents?ServiceId=1266
JavaScript error: https://aaplesarkar.mahaonline.gov.in/en/Login/Certificate_Documents?ServiceId=1266, line 645: TypeError: $(...).slimScroll is not a function
1537518241338	Marionette	DEBUG	[2147483649] Received DOM event pageshow for https://aaplesarkar.mahaonline.gov.in/en/Login/Certificate_Documents?ServiceId=1266
1537519586540	Marionette	DEBUG	[2147483654] Frame script loaded
1537519586545	Marionette	DEBUG	[2147483654] Frame script registered
1537519586612	Marionette	DEBUG	[4294967297] Frame script loaded
1537519586615	Marionette	DEBUG	[4294967297] Frame script registered
[Parent 25669, Gecko_IOThread] WARNING: pipe error (78): Connection reset by peer: file /build/firefox-LCnNpq/firefox-62.0+build2/ipc/chromium/src/chrome/common/ipc_channel_posix.cc, line 353
1537522234934	geckodriver	INFO	geckodriver 0.21.0
1537522234945	geckodriver	INFO	Listening on 127.0.0.1:50743
1537522235948	mozrunner::runner	INFO	Running command: "/usr/bin/firefox" "-marionette" "-foreground" "-no-remote" "-profile" "/tmp/rust_mozprofile.A8rqQ8ryZLug"
1537522241252	Marionette	INFO	Listening on port 32877
1537522241294	Marionette	WARN	TLS certificate errors will be ignored for this session
1537522241438	Marionette	DEBUG	[2147483649] Frame script loaded
1537522241440	Marionette	DEBUG	[2147483649] Frame script registered
1537522260999	Marionette	DEBUG	[2147483649] Received DOM event beforeunload for about:blank
1537522262165	Marionette	DEBUG	[2147483649] Received DOM event pagehide for about:blank
JavaScript warning: https://aaplesarkar.mahaonline.gov.in/en/Login/Certificate_Documents?ServiceId=1266, line 4126: unreachable code after return statement
JavaScript warning: https://aaplesarkar.mahaonline.gov.in/en/Login/Certificate_Documents?ServiceId=1266, line 4126: unreachable code after return statement
1537522270339	Marionette	DEBUG	[2147483649] Received DOM event DOMContentLoaded for https://aaplesarkar.mahaonline.gov.in/en/Login/Certificate_Documents?ServiceId=1266
JavaScript error: https://aaplesarkar.mahaonline.gov.in/en/Login/Certificate_Documents?ServiceId=1266, line 645: TypeError: $(...).slimScroll is not a function
1537522274866	Marionette	DEBUG	[2147483649] Received DOM event pageshow for https://aaplesarkar.mahaonline.gov.in/en/Login/Certificate_Documents?ServiceId=1266
1537524074656	addons.productaddons	WARN	Failed downloading XML, status: 0, reason: error
1537524074667	addons.productaddons	WARN	Failed downloading via XHR, status: 0, reason: error
1537524448153	Marionette	INFO	Stopped listening on port 32877
[Parent 25669, Gecko_IOThread] WARNING: pipe error (67): Connection reset by peer: file /build/firefox-LCnNpq/firefox-62.0+build2/ipc/chromium/src/chrome/common/ipc_channel_posix.cc, line 353
1537524453299	Marionette	INFO	Stopped listening on port 36923
1537524858097	geckodriver	INFO	geckodriver 0.21.0
1537524858106	geckodriver	INFO	Listening on 127.0.0.1:33081
1537524859115	mozrunner::runner	INFO	Running command: "/usr/bin/firefox" "-marionette" "-foreground" "-no-remote" "-profile" "/tmp/rust_mozprofile.0V25sxhIExi1"
1537524863599	Marionette	INFO	Listening on port 32949
1537524863641	Marionette	WARN	TLS certificate errors will be ignored for this session
1537524863798	Marionette	DEBUG	[2147483649] Frame script loaded
1537524863813	Marionette	DEBUG	[2147483649] Frame script registered
1537524892314	Marionette	DEBUG	[2147483649] Received DOM event beforeunload for about:blank
1537524893041	Marionette	DEBUG	[2147483649] Received DOM event pagehide for about:blank
JavaScript warning: https://aaplesarkar.mahaonline.gov.in/en/Login/Certificate_Documents?ServiceId=1266, line 4126: unreachable code after return statement
JavaScript warning: https://aaplesarkar.mahaonline.gov.in/en/Login/Certificate_Documents?ServiceId=1266, line 4126: unreachable code after return statement
1537524897076	Marionette	DEBUG	[2147483649] Received DOM event DOMContentLoaded for https://aaplesarkar.mahaonline.gov.in/en/Login/Certificate_Documents?ServiceId=1266
JavaScript error: https://aaplesarkar.mahaonline.gov.in/en/Login/Certificate_Documents?ServiceId=1266, line 645: TypeError: $(...).slimScroll is not a function
1537524898251	Marionette	DEBUG	[2147483649] Received DOM event pageshow for https://aaplesarkar.mahaonline.gov.in/en/Login/Certificate_Documents?ServiceId=1266
1537524908021	Marionette	DEBUG	[2147483649] Received DOM event beforeunload for https://aaplesarkar.mahaonline.gov.in/en/Login/Certificate_Documents?ServiceId=1266
1537524908182	Marionette	DEBUG	[2147483649] Received DOM event pagehide for https://aaplesarkar.mahaonline.gov.in/en/Login/Certificate_Documents?ServiceId=1266
1537524908183	Marionette	DEBUG	[2147483649] Received DOM event unload for https://aaplesarkar.mahaonline.gov.in/en/Login/Certificate_Documents?ServiceId=1266
JavaScript warning: https://aaplesarkar.mahaonline.gov.in/en/Login/Certificate_Documents?ServiceId=1266, line 4331: unreachable code after return statement
JavaScript warning: https://aaplesarkar.mahaonline.gov.in/en/Login/Certificate_Documents?ServiceId=1266, line 4331: unreachable code after return statement
1537524909479	Marionette	DEBUG	[2147483649] Received DOM event DOMContentLoaded for https://aaplesarkar.mahaonline.gov.in/en/Login/Certificate_Documents?ServiceId=1266
JavaScript error: https://aaplesarkar.mahaonline.gov.in/en/Login/Certificate_Documents?ServiceId=1266, line 645: TypeError: $(...).slimScroll is not a function
1537524910129	Marionette	DEBUG	[2147483649] Received DOM event pageshow for https://aaplesarkar.mahaonline.gov.in/en/Login/Certificate_Documents?ServiceId=1266
JavaScript error: resource://devtools/shared/base-loader.js -> resource://devtools/client/shared/vendor/react-dom.js, line 32: Error: Minified React error #188; visit http://facebook.github.io/react/docs/error-decoder.html?invariant=188 for the full message or use the non-minified dev environment for full errors and additional helpful warnings.
JavaScript error: resource://devtools/shared/base-loader.js -> resource://devtools/server/actors/highlighters/auto-refresh.js, line 202: TypeError: this.win is null
[Parent 26563, Gecko_IOThread] WARNING: pipe error (67): Connection reset by peer: file /build/firefox-LCnNpq/firefox-62.0+build2/ipc/chromium/src/chrome/common/ipc_channel_posix.cc, line 353
1537529135568	Marionette	INFO	Stopped listening on port 32949
1537556933902	geckodriver	INFO	geckodriver 0.21.0
1537556934045	geckodriver	INFO	Listening on 127.0.0.1:51397
1537556934172	mozrunner::runner	INFO	Running command: "/usr/bin/firefox" "-marionette" "-foreground" "-no-remote" "-profile" "/tmp/rust_mozprofile.EillO02BZv56"
1537556951683	Marionette	INFO	Listening on port 36393
1537556951765	Marionette	WARN	TLS certificate errors will be ignored for this session
1537556951851	Marionette	DEBUG	[2147483649] Frame script loaded
1537556952029	Marionette	DEBUG	[2147483649] Frame script registered
1537556975479	Marionette	DEBUG	[2147483649] Received DOM event beforeunload for about:blank
1537556975790	Marionette	DEBUG	[2147483649] Received DOM event pagehide for about:blank
1537556977101	Marionette	DEBUG	[2147483649] Received DOM event DOMContentLoaded for https://www.startupindia.gov.in/content/sih/en/reources/government-schemes.html
JavaScript warning: https://www.googletagmanager.com/gtag/js?id=UA-96264521-1, line 74: unreachable code after return statement
JavaScript warning: https://www.googletagmanager.com/gtag/js?id=UA-96264521-1, line 74: unreachable code after return statement
1537556983426	Marionette	DEBUG	[2147483649] Received DOM event pageshow for https://www.startupindia.gov.in/content/sih/en/reources/government-schemes.html

(/usr/lib/firefox/firefox:25293): dconf-WARNING **: 00:40:06.753: Unable to open /var/lib/snapd/desktop/dconf/profile/user: Permission denied
JavaScript warning: https://www.googletagmanager.com/gtag/js?id=UA-96264521-1, line 74: unreachable code after return statement
JavaScript warning: https://www.googletagmanager.com/gtag/js?id=UA-96264521-1, line 74: unreachable code after return statement
JavaScript warning: https://www.googletagmanager.com/gtag/js?id=UA-96264521-1, line 74: unreachable code after return statement
JavaScript warning: https://www.googletagmanager.com/gtag/js?id=UA-96264521-1, line 74: unreachable code after return statement
JavaScript warning: https://www.googletagmanager.com/gtag/js?id=UA-96264521-1, line 74: unreachable code after return statement
JavaScript warning: https://www.googletagmanager.com/gtag/js?id=UA-96264521-1, line 74: unreachable code after return statement
1537557153832	Marionette	DEBUG	[2147483649] Received DOM event beforeunload for https://www.startupindia.gov.in/content/sih/en/reources/government-schemes.html
1537557153848	Marionette	DEBUG	[2147483649] Received DOM event pagehide for https://www.startupindia.gov.in/content/sih/en/reources/government-schemes.html
1537557153849	Marionette	DEBUG	[2147483649] Received DOM event unload for https://www.startupindia.gov.in/content/sih/en/reources/government-schemes.html
1537557154158	Marionette	DEBUG	[2147483649] Received DOM event DOMContentLoaded for https://www.startupindia.gov.in/content/sih/en/reources/government-schemes.html
1537557154484	Marionette	DEBUG	[2147483649] Received observer notification outer-window-destroyed for 2147483727
1537557154485	Marionette	DEBUG	[2147483649] Received observer notification outer-window-destroyed for 2147483729
1537557154485	Marionette	DEBUG	[2147483649] Received observer notification outer-window-destroyed for 2147483731
1537557155963	Marionette	DEBUG	[2147483649] Received DOM event pageshow for https://www.startupindia.gov.in/content/sih/en/reources/government-schemes.html
JavaScript warning: https://www.googletagmanager.com/gtag/js?id=UA-96264521-1, line 74: unreachable code after return statement
JavaScript warning: https://www.googletagmanager.com/gtag/js?id=UA-96264521-1, line 74: unreachable code after return statement
JavaScript warning: https://www.googletagmanager.com/gtag/js?id=UA-96264521-1, line 74: unreachable code after return statement
JavaScript warning: https://www.googletagmanager.com/gtag/js?id=UA-96264521-1, line 74: unreachable code after return statement
1537560680827	Marionette	DEBUG	[2147483649] Received DOM event beforeunload for https://www.startupindia.gov.in/content/sih/en/reources/government-schemes/defence_india_startup_challenge.html
1537560680885	Marionette	DEBUG	[2147483649] Received DOM event pagehide for https://www.startupindia.gov.in/content/sih/en/reources/government-schemes/defence_india_startup_challenge.html
1537560680886	Marionette	DEBUG	[2147483649] Received DOM event unload for https://www.startupindia.gov.in/content/sih/en/reources/government-schemes/defence_india_startup_challenge.html
1537560681203	Marionette	DEBUG	[2147483649] Received DOM event DOMContentLoaded for https://www.startupindia.gov.in/content/sih/en/reources/government-schemes/defence_india_startup_challenge.html
1537560681503	Marionette	DEBUG	[2147483649] Received observer notification outer-window-destroyed for 2147483754
1537560681503	Marionette	DEBUG	[2147483649] Received observer notification outer-window-destroyed for 2147483756
1537560681503	Marionette	DEBUG	[2147483649] Received observer notification outer-window-destroyed for 2147483758
JavaScript warning: https://www.googletagmanager.com/gtag/js?id=UA-96264521-1, line 74: unreachable code after return statement
JavaScript warning: https://www.googletagmanager.com/gtag/js?id=UA-96264521-1, line 74: unreachable code after return statement
1537560682075	Marionette	DEBUG	[2147483649] Received DOM event pageshow for https://www.startupindia.gov.in/content/sih/en/reources/government-schemes/defence_india_startup_challenge.html
1537561205191	Marionette	DEBUG	[2147483649] Received DOM event beforeunload for https://www.startupindia.gov.in/content/sih/en/reources/government-schemes/defence_india_startup_challenge.html
1537561205700	Marionette	DEBUG	[2147483649] Received DOM event pagehide for https://www.startupindia.gov.in/content/sih/en/reources/government-schemes/defence_india_startup_challenge.html
1537561205701	Marionette	DEBUG	[2147483649] Received DOM event unload for https://www.startupindia.gov.in/content/sih/en/reources/government-schemes/defence_india_startup_challenge.html
1537561207110	Marionette	DEBUG	[2147483649] Received observer notification outer-window-destroyed for 2147483763
1537561207111	Marionette	DEBUG	[2147483649] Received observer notification outer-window-destroyed for 2147483765
1537561207111	Marionette	DEBUG	[2147483649] Received observer notification outer-window-destroyed for 2147483767
1537561207229	Marionette	DEBUG	[2147483649] Received DOM event DOMContentLoaded for https://www.startupindia.gov.in/content/sih/en/reources/government-schemes/extra-mural-research-funding.html
JavaScript warning: https://www.googletagmanager.com/gtag/js?id=UA-96264521-1, line 74: unreachable code after return statement
JavaScript warning: https://www.googletagmanager.com/gtag/js?id=UA-96264521-1, line 74: unreachable code after return statement
1537561207776	Marionette	DEBUG	[2147483649] Received DOM event pageshow for https://www.startupindia.gov.in/content/sih/en/reources/government-schemes/extra-mural-research-funding.html
